# JRE version: OpenJDK Runtime Environment Temurin-17.0.1+12 (17.0.1+12) (build 17.0.1+12)
# Java VM: OpenJDK 64-Bit Server VM Temurin-17.0.1+12 (17.0.1+12, mixed mode, emulated-client, tiered, compressed oops, compressed class ptrs, g1 gc, windows-amd64)
GC Precious Log:
 CPUs: 4 total, 4 available
 Memory: 8108M
 Large Page Support: Disabled
 NUMA Support: Disabled
 Compressed Oops: Enabled (32-bit)
 Heap Region Size: 1M
 Heap Min Capacity: 8M
 Heap Initial Capacity: 128M
 Heap Max Capacity: 2028M
 Pre-touch: Disabled
 Parallel Workers: 4
 Concurrent Workers: 1
 Concurrent Refinement Workers: 4
 Periodic GC: Disabled
Heap:
 garbage-first heap   total 65536K, used 24779K [0x0000000081400000, 0x0000000100000000)
  region size 1024K, 2 young (2048K), 2 survivors (2048K)
 Metaspace       used 60409K, committed 60736K, reserved 1105920K
  class space    used 8143K, committed 8320K, reserved 1048576K
GC Heap History (20 events):
Event: 2.364 GC heap after
{Heap after GC invocations=9 (full 0):
 garbage-first heap   total 75776K, used 11762K [0x0000000081400000, 0x0000000100000000)
  region size 1024K, 2 young (2048K), 2 survivors (2048K)
 Metaspace       used 27935K, committed 28288K, reserved 1081344K
  class space    used 3414K, committed 3584K, reserved 1048576K
}
Event: 3.011 GC heap before
{Heap before GC invocations=9 (full 0):
 garbage-first heap   total 75776K, used 53746K [0x0000000081400000, 0x0000000100000000)
  region size 1024K, 44 young (45056K), 2 survivors (2048K)
 Metaspace       used 31199K, committed 31488K, reserved 1081344K
  class space    used 3882K, committed 4032K, reserved 1048576K
}
Event: 3.015 GC heap after
{Heap after GC invocations=10 (full 0):
 garbage-first heap   total 75776K, used 13561K [0x0000000081400000, 0x0000000100000000)
  region size 1024K, 4 young (4096K), 4 survivors (4096K)
 Metaspace       used 31199K, committed 31488K, reserved 1081344K
  class space    used 3882K, committed 4032K, reserved 1048576K
}
Event: 3.739 GC heap before
{Heap before GC invocations=10 (full 0):
 garbage-first heap   total 75776K, used 42233K [0x0000000081400000, 0x0000000100000000)
  region size 1024K, 33 young (33792K), 4 survivors (4096K)
 Metaspace       used 35871K, committed 36160K, reserved 1081344K
  class space    used 4583K, committed 4736K, reserved 1048576K
}
Event: 3.745 GC heap after
{Heap after GC invocations=11 (full 0):
 garbage-first heap   total 75776K, used 16481K [0x0000000081400000, 0x0000000100000000)
  region size 1024K, 6 young (6144K), 6 survivors (6144K)
 Metaspace       used 35871K, committed 36160K, reserved 1081344K
  class space    used 4583K, committed 4736K, reserved 1048576K
}
Event: 3.829 GC heap before
{Heap before GC invocations=12 (full 0):
 garbage-first heap   total 65536K, used 54369K [0x0000000081400000, 0x0000000100000000)
  region size 1024K, 44 young (45056K), 6 survivors (6144K)
 Metaspace       used 36560K, committed 36928K, reserved 1081344K
  class space    used 4658K, committed 4864K, reserved 1048576K
}
Event: 3.835 GC heap after
{Heap after GC invocations=13 (full 0):
 garbage-first heap   total 65536K, used 17035K [0x0000000081400000, 0x0000000100000000)
  region size 1024K, 4 young (4096K), 4 survivors (4096K)
 Metaspace       used 36560K, committed 36928K, reserved 1081344K
  class space    used 4658K, committed 4864K, reserved 1048576K
}
Event: 3.838 GC heap before
{Heap before GC invocations=13 (full 0):
 garbage-first heap   total 65536K, used 18059K [0x0000000081400000, 0x0000000100000000)
  region size 1024K, 5 young (5120K), 4 survivors (4096K)
 Metaspace       used 36560K, committed 36928K, reserved 1081344K
  class space    used 4658K, committed 4864K, reserved 1048576K
}
Event: 3.843 GC heap after
{Heap after GC invocations=14 (full 0):
 garbage-first heap   total 65536K, used 17156K [0x0000000081400000, 0x0000000100000000)
  region size 1024K, 1 young (1024K), 1 survivors (1024K)
 Metaspace       used 36560K, committed 36928K, reserved 1081344K
  class space    used 4658K, committed 4864K, reserved 1048576K
}
Event: 3.907 GC heap before
{Heap before GC invocations=14 (full 0):
 garbage-first heap   total 65536K, used 50948K [0x0000000081400000, 0x0000000100000000)
  region size 1024K, 35 young (35840K), 1 survivors (1024K)
 Metaspace       used 37007K, committed 37376K, reserved 1081344K
  class space    used 4699K, committed 4928K, reserved 1048576K
}
Event: 3.908 GC heap after
{Heap after GC invocations=15 (full 0):
 garbage-first heap   total 65536K, used 17064K [0x0000000081400000, 0x0000000100000000)
  region size 1024K, 1 young (1024K), 1 survivors (1024K)
 Metaspace       used 37007K, committed 37376K, reserved 1081344K
  class space    used 4699K, committed 4928K, reserved 1048576K
}
Event: 5.027 GC heap before
{Heap before GC invocations=15 (full 0):
 garbage-first heap   total 65536K, used 51880K [0x0000000081400000, 0x0000000100000000)
  region size 1024K, 36 young (36864K), 1 survivors (1024K)
 Metaspace       used 43614K, committed 43904K, reserved 1089536K
  class space    used 5551K, committed 5696K, reserved 1048576K
}
Event: 5.031 GC heap after
{Heap after GC invocations=16 (full 0):
 garbage-first heap   total 65536K, used 19327K [0x0000000081400000, 0x0000000100000000)
  region size 1024K, 3 young (3072K), 3 survivors (3072K)
 Metaspace       used 43614K, committed 43904K, reserved 1089536K
  class space    used 5551K, committed 5696K, reserved 1048576K
}
Event: 6.280 GC heap before
{Heap before GC invocations=16 (full 0):
 garbage-first heap   total 65536K, used 52095K [0x0000000081400000, 0x0000000100000000)
  region size 1024K, 35 young (35840K), 3 survivors (3072K)
 Metaspace       used 51821K, committed 52224K, reserved 1097728K
  class space    used 6847K, committed 7040K, reserved 1048576K
}
Event: 6.286 GC heap after
{Heap after GC invocations=17 (full 0):
 garbage-first heap   total 65536K, used 21249K [0x0000000081400000, 0x0000000100000000)
  region size 1024K, 5 young (5120K), 5 survivors (5120K)
 Metaspace       used 51821K, committed 52224K, reserved 1097728K
  class space    used 6847K, committed 7040K, reserved 1048576K
}
Event: 7.291 GC heap before
{Heap before GC invocations=17 (full 0):
 garbage-first heap   total 65536K, used 50945K [0x0000000081400000, 0x0000000100000000)
  region size 1024K, 34 young (34816K), 5 survivors (5120K)
 Metaspace       used 58124K, committed 58496K, reserved 1105920K
  class space    used 7798K, committed 8000K, reserved 1048576K
}
Event: 7.298 GC heap after
{Heap after GC invocations=18 (full 0):
 garbage-first heap   total 65536K, used 23015K [0x0000000081400000, 0x0000000100000000)
  region size 1024K, 4 young (4096K), 4 survivors (4096K)
 Metaspace       used 58124K, committed 58496K, reserved 1105920K
  class space    used 7798K, committed 8000K, reserved 1048576K
}
Event: 7.832 GC heap before
{Heap before GC invocations=18 (full 0):
 garbage-first heap   total 65536K, used 52711K [0x0000000081400000, 0x0000000100000000)
  region size 1024K, 33 young (33792K), 4 survivors (4096K)
 Metaspace       used 60351K, committed 60736K, reserved 1105920K
  class space    used 8135K, committed 8320K, reserved 1048576K
}
Event: 7.839 GC heap after
{Heap after GC invocations=19 (full 0):
 garbage-first heap   total 65536K, used 24545K [0x0000000081400000, 0x0000000100000000)
  region size 1024K, 4 young (4096K), 4 survivors (4096K)
 Metaspace       used 60351K, committed 60736K, reserved 1105920K
  class space    used 8135K, committed 8320K, reserved 1048576K
}
Event: 7.844 GC heap before
{Heap before GC invocations=19 (full 0):
 garbage-first heap   total 65536K, used 24545K [0x0000000081400000, 0x0000000100000000)
  region size 1024K, 5 young (5120K), 4 survivors (4096K)
 Metaspace       used 60409K, committed 60736K, reserved 1105920K
  class space    used 8143K, committed 8320K, reserved 1048576K
}

