# JRE version: OpenJDK Runtime Environment Temurin-17.0.1+12 (17.0.1+12) (build 17.0.1+12)
# Java VM: OpenJDK 64-Bit Server VM Temurin-17.0.1+12 (17.0.1+12, mixed mode, emulated-client, tiered, compressed oops, compressed class ptrs, g1 gc, windows-amd64)
GC Precious Log:
 CPUs: 4 total, 4 available
 Memory: 8108M
 Large Page Support: Disabled
 NUMA Support: Disabled
 Compressed Oops: Enabled (32-bit)
 Heap Region Size: 1M
 Heap Min Capacity: 8M
 Heap Initial Capacity: 128M
 Heap Max Capacity: 2028M
 Pre-touch: Disabled
 Parallel Workers: 4
 Concurrent Workers: 1
 Concurrent Refinement Workers: 4
 Periodic GC: Disabled
Heap:
 garbage-first heap   total 131072K, used 17332K [0x0000000081400000, 0x0000000100000000)
  region size 1024K, 3 young (3072K), 3 survivors (3072K)
 Metaspace       used 43682K, committed 44032K, reserved 1089536K
  class space    used 5574K, committed 5760K, reserved 1048576K
GC Heap History (20 events):
Event: 1.336 GC heap after
{Heap after GC invocations=3 (full 0):
 garbage-first heap   total 131072K, used 7541K [0x0000000081400000, 0x0000000100000000)
  region size 1024K, 2 young (2048K), 2 survivors (2048K)
 Metaspace       used 15563K, committed 15808K, reserved 1064960K
  class space    used 1656K, committed 1792K, reserved 1048576K
}
Event: 1.849 GC heap before
{Heap before GC invocations=3 (full 0):
 garbage-first heap   total 131072K, used 45429K [0x0000000081400000, 0x0000000100000000)
  region size 1024K, 41 young (41984K), 2 survivors (2048K)
 Metaspace       used 21286K, committed 21504K, reserved 1073152K
  class space    used 2544K, committed 2624K, reserved 1048576K
}
Event: 1.854 GC heap after
{Heap after GC invocations=4 (full 0):
 garbage-first heap   total 131072K, used 8886K [0x0000000081400000, 0x0000000100000000)
  region size 1024K, 3 young (3072K), 3 survivors (3072K)
 Metaspace       used 21286K, committed 21504K, reserved 1073152K
  class space    used 2544K, committed 2624K, reserved 1048576K
}
Event: 2.308 GC heap before
{Heap before GC invocations=5 (full 0):
 garbage-first heap   total 40960K, used 31414K [0x0000000081400000, 0x0000000100000000)
  region size 1024K, 27 young (27648K), 3 survivors (3072K)
 Metaspace       used 26736K, committed 27008K, reserved 1073152K
  class space    used 3221K, committed 3328K, reserved 1048576K
}
Event: 2.314 GC heap after
{Heap after GC invocations=6 (full 0):
 garbage-first heap   total 40960K, used 10064K [0x0000000081400000, 0x0000000100000000)
  region size 1024K, 4 young (4096K), 4 survivors (4096K)
 Metaspace       used 26736K, committed 27008K, reserved 1073152K
  class space    used 3221K, committed 3328K, reserved 1048576K
}
Event: 2.335 GC heap before
{Heap before GC invocations=6 (full 0):
 garbage-first heap   total 40960K, used 11088K [0x0000000081400000, 0x0000000100000000)
  region size 1024K, 5 young (5120K), 4 survivors (4096K)
 Metaspace       used 26940K, committed 27200K, reserved 1073152K
  class space    used 3239K, committed 3392K, reserved 1048576K
}
Event: 2.341 GC heap after
{Heap after GC invocations=7 (full 0):
 garbage-first heap   total 69632K, used 10436K [0x0000000081400000, 0x0000000100000000)
  region size 1024K, 1 young (1024K), 1 survivors (1024K)
 Metaspace       used 26940K, committed 27200K, reserved 1073152K
  class space    used 3239K, committed 3392K, reserved 1048576K
}
Event: 2.422 GC heap before
{Heap before GC invocations=7 (full 0):
 garbage-first heap   total 69632K, used 49348K [0x0000000081400000, 0x0000000100000000)
  region size 1024K, 40 young (40960K), 1 survivors (1024K)
 Metaspace       used 27711K, committed 27968K, reserved 1081344K
  class space    used 3360K, committed 3520K, reserved 1048576K
}
Event: 2.423 GC heap after
{Heap after GC invocations=8 (full 0):
 garbage-first heap   total 69632K, used 10497K [0x0000000081400000, 0x0000000100000000)
  region size 1024K, 1 young (1024K), 1 survivors (1024K)
 Metaspace       used 27711K, committed 27968K, reserved 1081344K
  class space    used 3360K, committed 3520K, reserved 1048576K
}
Event: 3.528 GC heap before
{Heap before GC invocations=8 (full 0):
 garbage-first heap   total 69632K, used 50433K [0x0000000081400000, 0x0000000100000000)
  region size 1024K, 40 young (40960K), 1 survivors (1024K)
 Metaspace       used 31705K, committed 32000K, reserved 1081344K
  class space    used 3967K, committed 4096K, reserved 1048576K
}
Event: 3.533 GC heap after
{Heap after GC invocations=9 (full 0):
 garbage-first heap   total 69632K, used 12707K [0x0000000081400000, 0x0000000100000000)
  region size 1024K, 3 young (3072K), 3 survivors (3072K)
 Metaspace       used 31705K, committed 32000K, reserved 1081344K
  class space    used 3967K, committed 4096K, reserved 1048576K
}
Event: 4.336 GC heap before
{Heap before GC invocations=9 (full 0):
 garbage-first heap   total 69632K, used 49571K [0x0000000081400000, 0x0000000100000000)
  region size 1024K, 40 young (40960K), 3 survivors (3072K)
 Metaspace       used 35738K, committed 36032K, reserved 1081344K
  class space    used 4533K, committed 4672K, reserved 1048576K
}
Event: 4.342 GC heap after
{Heap after GC invocations=10 (full 0):
 garbage-first heap   total 69632K, used 15179K [0x0000000081400000, 0x0000000100000000)
  region size 1024K, 5 young (5120K), 5 survivors (5120K)
 Metaspace       used 35738K, committed 36032K, reserved 1081344K
  class space    used 4533K, committed 4672K, reserved 1048576K
}
Event: 4.373 GC heap before
{Heap before GC invocations=10 (full 0):
 garbage-first heap   total 69632K, used 36683K [0x0000000081400000, 0x0000000100000000)
  region size 1024K, 28 young (28672K), 5 survivors (5120K)
 Metaspace       used 35830K, committed 36096K, reserved 1081344K
  class space    used 4543K, committed 4672K, reserved 1048576K
}
Event: 4.379 GC heap after
{Heap after GC invocations=11 (full 0):
 garbage-first heap   total 69632K, used 15385K [0x0000000081400000, 0x0000000100000000)
  region size 1024K, 3 young (3072K), 3 survivors (3072K)
 Metaspace       used 35830K, committed 36096K, reserved 1081344K
  class space    used 4543K, committed 4672K, reserved 1048576K
}
Event: 4.427 GC heap before
{Heap before GC invocations=12 (full 0):
 garbage-first heap   total 58368K, used 49177K [0x0000000081400000, 0x0000000100000000)
  region size 1024K, 38 young (38912K), 3 survivors (3072K)
 Metaspace       used 36133K, committed 36480K, reserved 1081344K
  class space    used 4575K, committed 4736K, reserved 1048576K
}
Event: 4.430 GC heap after
{Heap after GC invocations=13 (full 0):
 garbage-first heap   total 58368K, used 15431K [0x0000000081400000, 0x0000000100000000)
  region size 1024K, 3 young (3072K), 3 survivors (3072K)
 Metaspace       used 36133K, committed 36480K, reserved 1081344K
  class space    used 4575K, committed 4736K, reserved 1048576K
}
Event: 4.430 GC heap before
{Heap before GC invocations=13 (full 0):
 garbage-first heap   total 58368K, used 15431K [0x0000000081400000, 0x0000000100000000)
  region size 1024K, 4 young (4096K), 3 survivors (3072K)
 Metaspace       used 36133K, committed 36480K, reserved 1081344K
  class space    used 4575K, committed 4736K, reserved 1048576K
}
Event: 4.434 GC heap after
{Heap after GC invocations=14 (full 0):
 garbage-first heap   total 58368K, used 15406K [0x0000000081400000, 0x0000000100000000)
  region size 1024K, 1 young (1024K), 1 survivors (1024K)
 Metaspace       used 36133K, committed 36480K, reserved 1081344K
  class space    used 4575K, committed 4736K, reserved 1048576K
}
Event: 5.476 GC heap before
{Heap before GC invocations=14 (full 0):
 garbage-first heap   total 58368K, used 46126K [0x0000000081400000, 0x0000000100000000)
  region size 1024K, 31 young (31744K), 1 survivors (1024K)
 Metaspace       used 43682K, committed 44032K, reserved 1089536K
  class space    used 5574K, committed 5760K, reserved 1048576K
}

